Determining if the pthread_create exist failed with the following output:
Change Dir: /home/robot/Final/2.12-Final-Project/build/CMakeFiles/CMakeTmp

Run Build Command:"/usr/bin/make" "cmTryCompileExec49446134/fast"
/usr/bin/make -f CMakeFiles/cmTryCompileExec49446134.dir/build.make CMakeFiles/cmTryCompileExec49446134.dir/build
make[1]: Entering directory '/home/robot/Final/2.12-Final-Project/build/CMakeFiles/CMakeTmp'
/usr/local/bin/cmake -E cmake_progress_report /home/robot/Final/2.12-Final-Project/build/CMakeFiles/CMakeTmp/CMakeFiles 1
Building C object CMakeFiles/cmTryCompileExec49446134.dir/CheckSymbolExists.c.o
/usr/bin/cc   -Wreturn-type -Wuninitialized     -o CMakeFiles/cmTryCompileExec49446134.dir/CheckSymbolExists.c.o   -c /home/robot/Final/2.12-Final-Project/build/CMakeFiles/CMakeTmp/CheckSymbolExists.c
Linking C executable cmTryCompileExec49446134
/usr/local/bin/cmake -E cmake_link_script CMakeFiles/cmTryCompileExec49446134.dir/link.txt --verbose=1
/usr/bin/cc   -Wreturn-type -Wuninitialized      CMakeFiles/cmTryCompileExec49446134.dir/CheckSymbolExists.c.o  -o cmTryCompileExec49446134 -rdynamic 
CMakeFiles/cmTryCompileExec49446134.dir/CheckSymbolExists.c.o: In function `main':
CheckSymbolExists.c:(.text+0x16): undefined reference to `pthread_create'
collect2: error: ld returned 1 exit status
CMakeFiles/cmTryCompileExec49446134.dir/build.make:88: recipe for target 'cmTryCompileExec49446134' failed
make[1]: Leaving directory '/home/robot/Final/2.12-Final-Project/build/CMakeFiles/CMakeTmp'
make[1]: *** [cmTryCompileExec49446134] Error 1
Makefile:117: recipe for target 'cmTryCompileExec49446134/fast' failed
make: *** [cmTryCompileExec49446134/fast] Error 2

File /home/robot/Final/2.12-Final-Project/build/CMakeFiles/CMakeTmp/CheckSymbolExists.c:
/* */
#include <pthread.h>

int main(int argc, char** argv)
{
  (void)argv;
#ifndef pthread_create
  return ((int*)(&pthread_create))[argc];
#else
  (void)argc;
  return 0;
#endif
}

Determining if the function pthread_create exists in the pthreads failed with the following output:
Change Dir: /home/robot/Final/2.12-Final-Project/build/CMakeFiles/CMakeTmp

Run Build Command:"/usr/bin/make" "cmTryCompileExec3388748427/fast"
/usr/bin/make -f CMakeFiles/cmTryCompileExec3388748427.dir/build.make CMakeFiles/cmTryCompileExec3388748427.dir/build
make[1]: Entering directory '/home/robot/Final/2.12-Final-Project/build/CMakeFiles/CMakeTmp'
/usr/local/bin/cmake -E cmake_progress_report /home/robot/Final/2.12-Final-Project/build/CMakeFiles/CMakeTmp/CMakeFiles 1
Building C object CMakeFiles/cmTryCompileExec3388748427.dir/CheckFunctionExists.c.o
/usr/bin/cc   -Wreturn-type -Wuninitialized  -DCHECK_FUNCTION_EXISTS=pthread_create   -o CMakeFiles/cmTryCompileExec3388748427.dir/CheckFunctionExists.c.o   -c /usr/local/share/cmake-3.2/Modules/CheckFunctionExists.c
Linking C executable cmTryCompileExec3388748427
/usr/local/bin/cmake -E cmake_link_script CMakeFiles/cmTryCompileExec3388748427.dir/link.txt --verbose=1
/usr/bin/cc   -Wreturn-type -Wuninitialized  -DCHECK_FUNCTION_EXISTS=pthread_create    CMakeFiles/cmTryCompileExec3388748427.dir/CheckFunctionExists.c.o  -o cmTryCompileExec3388748427 -rdynamic -lpthreads 
/usr/bin/ld: cannot find -lpthreads
collect2: error: ld returned 1 exit status
CMakeFiles/cmTryCompileExec3388748427.dir/build.make:88: recipe for target 'cmTryCompileExec3388748427' failed
make[1]: *** [cmTryCompileExec3388748427] Error 1
make[1]: Leaving directory '/home/robot/Final/2.12-Final-Project/build/CMakeFiles/CMakeTmp'
Makefile:117: recipe for target 'cmTryCompileExec3388748427/fast' failed
make: *** [cmTryCompileExec3388748427/fast] Error 2


